# JRE version: OpenJDK Runtime Environment (11.0.8+10) (build 11.0.8+10-b944.6842174)
# Java VM: OpenJDK 64-Bit Server VM (11.0.8+10-b944.6842174, mixed mode, tiered, compressed oops, g1 gc, windows-amd64)
Heap:
 garbage-first heap   total 187392K, used 133754K [0x0000000080000000, 0x0000000100000000)
  region size 1024K, 45 young (46080K), 1 survivors (1024K)
 Metaspace       used 108554K, capacity 111458K, committed 112852K, reserved 1146880K
  class space    used 13647K, capacity 14714K, committed 14856K, reserved 1048576K
GC Heap History (20 events):
Event: 249.254 GC heap before
{Heap before GC invocations=44 (full 0):
 garbage-first heap   total 187392K, used 105136K [0x0000000080000000, 0x0000000100000000)
  region size 1024K, 21 young (21504K), 1 survivors (1024K)
 Metaspace       used 108869K, capacity 111809K, committed 112852K, reserved 1146880K
  class space    used 13697K, capacity 14765K, committed 14856K, reserved 1048576K
}
Event: 249.275 GC heap after
{Heap after GC invocations=45 (full 0):
 garbage-first heap   total 187392K, used 88209K [0x0000000080000000, 0x0000000100000000)
  region size 1024K, 3 young (3072K), 3 survivors (3072K)
 Metaspace       used 108869K, capacity 111809K, committed 112852K, reserved 1146880K
  class space    used 13697K, capacity 14765K, committed 14856K, reserved 1048576K
}
Event: 250.659 GC heap before
{Heap before GC invocations=46 (full 0):
 garbage-first heap   total 187392K, used 151697K [0x0000000080000000, 0x0000000100000000)
  region size 1024K, 66 young (67584K), 3 survivors (3072K)
 Metaspace       used 108781K, capacity 111640K, committed 112852K, reserved 1146880K
  class space    used 13683K, capacity 14725K, committed 14856K, reserved 1048576K
}
Event: 250.668 GC heap after
{Heap after GC invocations=47 (full 0):
 garbage-first heap   total 187392K, used 87987K [0x0000000080000000, 0x0000000100000000)
  region size 1024K, 3 young (3072K), 3 survivors (3072K)
 Metaspace       used 108781K, capacity 111640K, committed 112852K, reserved 1146880K
  class space    used 13683K, capacity 14725K, committed 14856K, reserved 1048576K
}
Event: 250.751 GC heap before
{Heap before GC invocations=47 (full 0):
 garbage-first heap   total 187392K, used 94131K [0x0000000080000000, 0x0000000100000000)
  region size 1024K, 9 young (9216K), 3 survivors (3072K)
 Metaspace       used 108818K, capacity 111641K, committed 112852K, reserved 1146880K
  class space    used 13683K, capacity 14725K, committed 14856K, reserved 1048576K
}
Event: 250.762 GC heap after
{Heap after GC invocations=48 (full 0):
 garbage-first heap   total 187392K, used 80374K [0x0000000080000000, 0x0000000100000000)
  region size 1024K, 1 young (1024K), 1 survivors (1024K)
 Metaspace       used 108818K, capacity 111641K, committed 112852K, reserved 1146880K
  class space    used 13683K, capacity 14725K, committed 14856K, reserved 1048576K
}
Event: 251.229 GC heap before
{Heap before GC invocations=48 (full 0):
 garbage-first heap   total 187392K, used 105974K [0x0000000080000000, 0x0000000100000000)
  region size 1024K, 28 young (28672K), 1 survivors (1024K)
 Metaspace       used 108908K, capacity 111780K, committed 112852K, reserved 1146880K
  class space    used 13683K, capacity 14725K, committed 14856K, reserved 1048576K
}
Event: 251.234 GC heap after
{Heap after GC invocations=49 (full 0):
 garbage-first heap   total 187392K, used 80479K [0x0000000080000000, 0x0000000100000000)
  region size 1024K, 1 young (1024K), 1 survivors (1024K)
 Metaspace       used 108908K, capacity 111780K, committed 112852K, reserved 1146880K
  class space    used 13683K, capacity 14725K, committed 14856K, reserved 1048576K
}
Event: 293.253 GC heap before
{Heap before GC invocations=50 (full 0):
 garbage-first heap   total 187392K, used 163423K [0x0000000080000000, 0x0000000100000000)
  region size 1024K, 73 young (74752K), 1 survivors (1024K)
 Metaspace       used 108106K, capacity 111033K, committed 112852K, reserved 1146880K
  class space    used 13644K, capacity 14710K, committed 14856K, reserved 1048576K
}
Event: 293.329 GC heap after
{Heap after GC invocations=51 (full 0):
 garbage-first heap   total 187392K, used 84766K [0x0000000080000000, 0x0000000100000000)
  region size 1024K, 5 young (5120K), 5 survivors (5120K)
 Metaspace       used 108106K, capacity 111033K, committed 112852K, reserved 1146880K
  class space    used 13644K, capacity 14710K, committed 14856K, reserved 1048576K
}
Event: 293.488 GC heap before
{Heap before GC invocations=51 (full 0):
 garbage-first heap   total 187392K, used 87838K [0x0000000080000000, 0x0000000100000000)
  region size 1024K, 9 young (9216K), 5 survivors (5120K)
 Metaspace       used 108119K, capacity 111033K, committed 112852K, reserved 1146880K
  class space    used 13644K, capacity 14710K, committed 14856K, reserved 1048576K
}
Event: 293.540 GC heap after
{Heap after GC invocations=52 (full 0):
 garbage-first heap   total 187392K, used 84913K [0x0000000080000000, 0x0000000100000000)
  region size 1024K, 2 young (2048K), 2 survivors (2048K)
 Metaspace       used 108119K, capacity 111033K, committed 112852K, reserved 1146880K
  class space    used 13644K, capacity 14710K, committed 14856K, reserved 1048576K
}
Event: 293.950 GC heap before
{Heap before GC invocations=52 (full 0):
 garbage-first heap   total 187392K, used 96177K [0x0000000080000000, 0x0000000100000000)
  region size 1024K, 14 young (14336K), 2 survivors (2048K)
 Metaspace       used 108304K, capacity 111274K, committed 112852K, reserved 1146880K
  class space    used 13659K, capacity 14750K, committed 14856K, reserved 1048576K
}
Event: 293.967 GC heap after
{Heap after GC invocations=53 (full 0):
 garbage-first heap   total 187392K, used 85862K [0x0000000080000000, 0x0000000100000000)
  region size 1024K, 3 young (3072K), 3 survivors (3072K)
 Metaspace       used 108304K, capacity 111274K, committed 112852K, reserved 1146880K
  class space    used 13659K, capacity 14750K, committed 14856K, reserved 1048576K
}
Event: 295.625 GC heap before
{Heap before GC invocations=54 (full 0):
 garbage-first heap   total 187392K, used 156518K [0x0000000080000000, 0x0000000100000000)
  region size 1024K, 71 young (72704K), 3 survivors (3072K)
 Metaspace       used 109503K, capacity 112438K, committed 112852K, reserved 1146880K
  class space    used 13733K, capacity 14815K, committed 14856K, reserved 1048576K
}
Event: 295.633 GC heap after
{Heap after GC invocations=55 (full 0):
 garbage-first heap   total 187392K, used 87914K [0x0000000080000000, 0x0000000100000000)
  region size 1024K, 3 young (3072K), 3 survivors (3072K)
 Metaspace       used 109503K, capacity 112438K, committed 112852K, reserved 1146880K
  class space    used 13733K, capacity 14815K, committed 14856K, reserved 1048576K
}
Event: 295.719 GC heap before
{Heap before GC invocations=55 (full 0):
 garbage-first heap   total 187392K, used 93034K [0x0000000080000000, 0x0000000100000000)
  region size 1024K, 9 young (9216K), 3 survivors (3072K)
 Metaspace       used 109509K, capacity 112439K, committed 112852K, reserved 1146880K
  class space    used 13733K, capacity 14815K, committed 14856K, reserved 1048576K
}
Event: 295.744 GC heap after
{Heap after GC invocations=56 (full 0):
 garbage-first heap   total 187392K, used 80258K [0x0000000080000000, 0x0000000100000000)
  region size 1024K, 1 young (1024K), 1 survivors (1024K)
 Metaspace       used 109509K, capacity 112439K, committed 112852K, reserved 1146880K
  class space    used 13733K, capacity 14815K, committed 14856K, reserved 1048576K
}
Event: 296.161 GC heap before
{Heap before GC invocations=56 (full 0):
 garbage-first heap   total 187392K, used 99714K [0x0000000080000000, 0x0000000100000000)
  region size 1024K, 22 young (22528K), 1 survivors (1024K)
 Metaspace       used 109615K, capacity 112585K, committed 112852K, reserved 1146880K
  class space    used 13734K, capacity 14817K, committed 14856K, reserved 1048576K
}
Event: 296.164 GC heap after
{Heap after GC invocations=57 (full 0):
 garbage-first heap   total 187392K, used 80506K [0x0000000080000000, 0x0000000100000000)
  region size 1024K, 1 young (1024K), 1 survivors (1024K)
 Metaspace       used 109615K, capacity 112585K, committed 112852K, reserved 1146880K
  class space    used 13734K, capacity 14817K, committed 14856K, reserved 1048576K
}

